{
  "RSpec": {
    "coverage": {
      "/home/pkumar/workspace/insta_dm/app/models/concerns/active_storage_ingestion_tracking.rb": {
        "lines": [
          1,
          1,
          null,
          1,
          1,
          null,
          null,
          1,
          null,
          1,
          2,
          null,
          null
        ],
        "branches": {}
      },
      "/home/pkumar/workspace/insta_dm/app/helpers/ai_dashboard_helper.rb": {
        "lines": [
          1,
          1,
          0,
          null,
          0,
          null,
          0,
          null,
          0,
          null,
          0,
          null,
          0,
          null,
          0,
          null,
          null,
          null
        ],
        "branches": {
          "[:case, 0, 3, 4, 16, 7]": {
            "[:when, 1, 5, 6, 5, 14]": 0,
            "[:when, 2, 7, 6, 7, 17]": 0,
            "[:when, 3, 9, 6, 9, 23]": 0,
            "[:when, 4, 11, 6, 11, 21]": 0,
            "[:when, 5, 13, 6, 13, 16]": 0,
            "[:else, 6, 15, 6, 15, 13]": 0
          }
        }
      },
      "/home/pkumar/workspace/insta_dm/app/helpers/application_helper.rb": {
        "lines": [
          1,
          1,
          0,
          null,
          0,
          null,
          0,
          0,
          null,
          0,
          null,
          null,
          0,
          null,
          null,
          null,
          null,
          null,
          null,
          null,
          1,
          0,
          0,
          0,
          null,
          null,
          0,
          0,
          0,
          null,
          0,
          0,
          null,
          0,
          null,
          null,
          1,
          0,
          null,
          0,
          null,
          0,
          null,
          0,
          null,
          0,
          null,
          0,
          null,
          0,
          null,
          null,
          null,
          1,
          0,
          null,
          null,
          1,
          0,
          null,
          0,
          null,
          0,
          null,
          0,
          null,
          0,
          null,
          0,
          null,
          0,
          0,
          0,
          0,
          null,
          null,
          0,
          null,
          0,
          null,
          0,
          null,
          null,
          null,
          1,
          null,
          1,
          0,
          null,
          0,
          null,
          null,
          0,
          null,
          null,
          null,
          null,
          null,
          null,
          0,
          null,
          0,
          null,
          0,
          null,
          0,
          null,
          0,
          null,
          0,
          null,
          0,
          null,
          0,
          null,
          null,
          null
        ],
        "branches": {
          "[:if, 0, 3, 4, 3, 32]": {
            "[:then, 1, 3, 4, 3, 16]": 0,
            "[:else, 2, 3, 4, 3, 32]": 0
          },
          "[:if, 3, 7, 6, 11, 9]": {
            "[:then, 4, 8, 8, 8, 40]": 0,
            "[:else, 5, 10, 8, 10, 39]": 0
          },
          "[:if, 6, 22, 4, 25, 7]": {
            "[:then, 7, 23, 6, 24, 28]": 0,
            "[:else, 8, 22, 4, 25, 7]": 0
          },
          "[:if, 9, 29, 4, 29, 33]": {
            "[:then, 10, 29, 4, 29, 23]": 0,
            "[:else, 11, 29, 4, 29, 33]": 0
          },
          "[:if, 12, 32, 4, 32, 45]": {
            "[:then, 13, 32, 4, 32, 35]": 0,
            "[:else, 14, 32, 4, 32, 45]": 0
          },
          "[:case, 15, 38, 4, 51, 7]": {
            "[:when, 16, 40, 6, 40, 14]": 0,
            "[:when, 17, 42, 6, 42, 17]": 0,
            "[:when, 18, 44, 6, 44, 23]": 0,
            "[:when, 19, 46, 6, 46, 21]": 0,
            "[:when, 20, 48, 6, 48, 16]": 0,
            "[:else, 21, 50, 6, 50, 13]": 0
          },
          "[:case, 22, 59, 4, 82, 7]": {
            "[:when, 23, 61, 6, 61, 15]": 0,
            "[:when, 24, 63, 6, 63, 15]": 0,
            "[:when, 25, 65, 6, 65, 12]": 0,
            "[:when, 26, 67, 6, 67, 24]": 0,
            "[:when, 27, 69, 6, 69, 19]": 0,
            "[:when, 28, 71, 6, 75, 9]": 0,
            "[:when, 29, 77, 6, 77, 13]": 0,
            "[:when, 30, 79, 6, 79, 14]": 0,
            "[:else, 31, 81, 6, 81, 9]": 0
          },
          "[:if, 32, 71, 6, 75, 9]": {
            "[:then, 33, 72, 8, 72, 13]": 0,
            "[:else, 34, 73, 6, 75, 9]": 0
          },
          "[:if, 35, 73, 6, 75, 9]": {
            "[:then, 36, 74, 8, 74, 17]": 0,
            "[:else, 37, 73, 6, 75, 9]": 0
          },
          "[:case, 38, 88, 4, 115, 7]": {
            "[:when, 39, 90, 6, 90, 45]": 0,
            "[:when, 40, 92, 6, 98, 33]": 0,
            "[:when, 41, 100, 6, 100, 42]": 0,
            "[:when, 42, 102, 6, 102, 37]": 0,
            "[:when, 43, 104, 6, 104, 39]": 0,
            "[:when, 44, 106, 6, 106, 123]": 0,
            "[:when, 45, 108, 6, 108, 94]": 0,
            "[:when, 46, 110, 6, 110, 39]": 0,
            "[:when, 47, 112, 6, 112, 51]": 0,
            "[:else, 48, 114, 6, 114, 11]": 0
          }
        }
      },
      "/home/pkumar/workspace/insta_dm/app/helpers/dashboard_helper.rb": {
        "lines": [
          1,
          null
        ],
        "branches": {}
      },
      "/home/pkumar/workspace/insta_dm/app/helpers/instagram_accounts_helper.rb": {
        "lines": [
          1,
          null
        ],
        "branches": {}
      },
      "/home/pkumar/workspace/insta_dm/app/helpers/messages_helper.rb": {
        "lines": [
          1,
          null
        ],
        "branches": {}
      },
      "/home/pkumar/workspace/insta_dm/app/helpers/recipients_helper.rb": {
        "lines": [
          1,
          null
        ],
        "branches": {}
      },
      "/home/pkumar/workspace/insta_dm/app/helpers/syncs_helper.rb": {
        "lines": [
          1,
          null
        ],
        "branches": {}
      },
      "/home/pkumar/workspace/insta_dm/app/services/instagram_accounts/dashboard_snapshot_service.rb": {
        "lines": [
          1,
          1,
          1,
          1,
          1,
          1,
          null,
          1,
          null,
          null,
          null,
          null,
          null,
          null,
          2,
          2,
          2,
          2,
          2,
          null,
          null,
          1,
          null,
          2,
          null,
          null,
          null,
          null,
          null,
          null,
          null,
          null,
          null,
          1,
          null,
          1,
          null,
          1,
          2,
          null,
          null,
          null,
          null,
          null,
          1,
          2,
          null,
          null,
          null,
          null,
          null,
          null,
          1,
          null,
          null,
          null,
          null,
          null,
          null,
          null,
          null,
          null,
          null,
          null,
          1,
          2,
          null,
          null,
          null
        ],
        "branches": {}
      },
      "/home/pkumar/workspace/insta_dm/app/services/instagram_accounts/llm_queue_inspector.rb": {
        "lines": [
          1,
          1,
          1,
          null,
          1,
          1,
          null,
          0,
          0,
          null,
          0,
          null,
          null,
          1,
          1,
          0,
          0,
          null,
          0,
          0,
          0,
          null,
          0,
          0,
          0,
          0,
          null,
          0,
          null,
          0,
          null,
          null,
          1,
          null,
          1,
          0,
          null,
          null,
          1,
          0,
          0,
          0,
          null,
          null,
          null,
          1,
          0,
          0,
          0,
          null,
          null,
          null,
          1,
          0,
          0,
          0,
          null,
          null,
          null,
          1,
          0,
          0,
          0,
          null,
          null,
          null,
          null
        ],
        "branches": {
          "[:unless, 0, 6, 6, 6, 38]": {
            "[:else, 1, 6, 6, 6, 38]": 0,
            "[:then, 2, 6, 6, 6, 14]": 1
          },
          "[:unless, 3, 15, 6, 15, 56]": {
            "[:else, 4, 15, 6, 15, 56]": 0,
            "[:then, 5, 15, 6, 15, 18]": 1
          },
          "[:if, 6, 16, 6, 16, 76]": {
            "[:then, 7, 16, 6, 16, 18]": 0,
            "[:else, 8, 16, 6, 16, 76]": 0
          },
          "[:unless, 9, 17, 6, 17, 42]": {
            "[:else, 10, 17, 6, 17, 42]": 0,
            "[:then, 11, 17, 6, 17, 18]": 0
          },
          "[:if, 12, 23, 6, 23, 81]": {
            "[:then, 13, 23, 6, 23, 18]": 0,
            "[:else, 14, 23, 6, 23, 81]": 0
          },
          "[:if, 15, 24, 6, 24, 73]": {
            "[:then, 16, 24, 6, 24, 18]": 0,
            "[:else, 17, 24, 6, 24, 73]": 0
          },
          "[:if, 18, 25, 6, 25, 75]": {
            "[:then, 19, 25, 6, 25, 18]": 0,
            "[:else, 20, 25, 6, 25, 75]": 0
          },
          "[:if, 21, 26, 6, 26, 76]": {
            "[:then, 22, 26, 6, 26, 18]": 0,
            "[:else, 23, 26, 6, 26, 76]": 0
          }
        }
      },
      "/home/pkumar/workspace/insta_dm/app/services/instagram_accounts/story_archive_item_serializer.rb": {
        "lines": [
          1,
          1,
          1,
          null,
          1,
          2,
          2,
          null,
          null,
          1,
          2,
          2,
          2,
          2,
          2,
          2,
          2,
          null,
          null,
          2,
          null,
          null,
          null,
          null,
          2,
          2,
          null,
          null,
          null,
          null,
          null,
          null,
          null,
          2,
          null,
          null,
          null,
          null,
          null,
          null,
          null,
          null,
          null,
          null,
          null,
          null,
          null,
          null,
          null,
          null,
          null,
          null,
          null,
          null,
          null,
          null,
          null,
          null,
          1,
          null,
          1,
          null,
          1,
          2,
          1,
          1,
          0,
          1,
          0,
          null,
          1,
          null,
          null,
          null,
          1,
          4,
          4,
          4,
          null,
          2,
          null,
          null,
          1,
          2,
          null,
          2,
          0,
          null,
          2,
          null,
          null,
          null,
          1,
          2,
          2,
          null,
          1,
          null,
          null,
          1,
          1,
          1,
          null,
          1,
          1,
          null,
          0,
          null,
          null,
          1,
          1,
          null,
          1,
          1,
          1,
          1,
          null,
          null,
          0,
          null,
          null,
          1,
          4,
          4,
          null,
          0,
          null,
          null,
          null
        ],
        "branches": {
          "[:if, 0, 11, 17, 11, 65]": {
            "[:then, 1, 11, 46, 11, 60]": 2,
            "[:else, 2, 11, 63, 11, 65]": 0
          },
          "[:if, 3, 12, 17, 12, 89]": {
            "[:then, 4, 12, 58, 12, 84]": 2,
            "[:else, 5, 12, 87, 12, 89]": 0
          },
          "[:\"&.\", 6, 17, 60, 17, 86]": {
            "[:then, 7, 17, 60, 17, 86]": 0,
            "[:else, 8, 17, 60, 17, 86]": 1
          },
          "[:\"&.\", 9, 22, 26, 22, 43]": {
            "[:then, 10, 22, 26, 22, 43]": 2,
            "[:else, 11, 22, 26, 22, 43]": 0
          },
          "[:\"&.\", 12, 23, 30, 23, 51]": {
            "[:then, 13, 23, 30, 23, 51]": 2,
            "[:else, 14, 23, 30, 23, 51]": 0
          },
          "[:\"&.\", 15, 23, 69, 23, 86]": {
            "[:then, 16, 23, 69, 23, 86]": 0,
            "[:else, 17, 23, 69, 23, 86]": 0
          },
          "[:if, 18, 25, 25, 25, 147]": {
            "[:then, 19, 25, 54, 25, 141]": 2,
            "[:else, 20, 25, 144, 25, 147]": 0
          },
          "[:\"&.\", 21, 26, 31, 26, 48]": {
            "[:then, 22, 26, 31, 26, 48]": 2,
            "[:else, 23, 26, 31, 26, 48]": 0
          },
          "[:if, 24, 26, 31, 26, 114]": {
            "[:then, 25, 26, 60, 26, 108]": 2,
            "[:else, 26, 26, 111, 26, 114]": 0
          },
          "[:\"&.\", 27, 31, 28, 31, 46]": {
            "[:then, 28, 31, 28, 31, 46]": 2,
            "[:else, 29, 31, 28, 31, 46]": 0
          },
          "[:if, 30, 34, 21, 34, 113]": {
            "[:then, 31, 34, 62, 34, 90]": 1,
            "[:else, 32, 34, 93, 34, 113]": 1
          },
          "[:\"&.\", 33, 34, 93, 34, 108]": {
            "[:then, 34, 34, 93, 34, 108]": 1,
            "[:else, 35, 34, 93, 34, 108]": 0
          },
          "[:\"&.\", 36, 43, 34, 43, 73]": {
            "[:then, 37, 43, 34, 43, 73]": 0,
            "[:else, 38, 43, 34, 43, 73]": 2
          },
          "[:if, 39, 64, 6, 72, 9]": {
            "[:then, 40, 65, 8, 65, 44]": 1,
            "[:else, 41, 66, 6, 72, 9]": 1
          },
          "[:if, 42, 66, 6, 72, 9]": {
            "[:then, 43, 67, 8, 67, 50]": 0,
            "[:else, 44, 68, 6, 72, 9]": 1
          },
          "[:if, 45, 68, 6, 72, 9]": {
            "[:then, 46, 69, 8, 69, 76]": 0,
            "[:else, 47, 71, 8, 71, 10]": 1
          },
          "[:if, 48, 77, 6, 77, 65]": {
            "[:then, 49, 77, 6, 77, 41]": 2,
            "[:else, 50, 77, 6, 77, 65]": 2
          },
          "[:unless, 51, 84, 6, 84, 31]": {
            "[:else, 52, 84, 6, 84, 31]": 2,
            "[:then, 53, 84, 6, 84, 16]": 0
          },
          "[:if, 54, 86, 6, 90, 9]": {
            "[:then, 55, 87, 8, 87, 33]": 0,
            "[:else, 56, 89, 8, 89, 45]": 2
          },
          "[:if, 57, 95, 6, 95, 32]": {
            "[:then, 58, 95, 6, 95, 16]": 1,
            "[:else, 59, 95, 6, 95, 32]": 1
          },
          "[:unless, 60, 101, 6, 101, 45]": {
            "[:else, 61, 101, 6, 101, 45]": 1,
            "[:then, 62, 101, 6, 101, 16]": 0
          },
          "[:\"&.\", 63, 102, 24, 102, 54]": {
            "[:then, 64, 102, 24, 102, 54]": 1,
            "[:else, 65, 102, 24, 102, 54]": 0
          },
          "[:unless, 66, 102, 6, 102, 81]": {
            "[:else, 67, 102, 6, 102, 81]": 1,
            "[:then, 68, 102, 6, 102, 16]": 0
          },
          "[:if, 69, 111, 6, 111, 45]": {
            "[:then, 70, 111, 6, 111, 12]": 0,
            "[:else, 71, 111, 6, 111, 45]": 1
          },
          "[:if, 72, 124, 6, 124, 39]": {
            "[:then, 73, 124, 6, 124, 17]": 4,
            "[:else, 74, 124, 6, 124, 39]": 0
          }
        }
      },
      "/home/pkumar/workspace/insta_dm/app/services/instagram_accounts/technical_details_payload_service.rb": {
        "lines": [
          1,
          1,
          1,
          null,
          1,
          3,
          3,
          null,
          null,
          1,
          3,
          3,
          null,
          2,
          2,
          2,
          null,
          2,
          null,
          null,
          null,
          null,
          null,
          null,
          null,
          null,
          null,
          null,
          null,
          null,
          null,
          null,
          null,
          null,
          0,
          null,
          null,
          1,
          null,
          1,
          null,
          1,
          1,
          null,
          null,
          1,
          2,
          null,
          2,
          null,
          null,
          2,
          null,
          1,
          0,
          0,
          0,
          null,
          1,
          null,
          null,
          1,
          2,
          2,
          null,
          null,
          2,
          null,
          null,
          null,
          null,
          null,
          null
        ],
        "branches": {
          "[:\"&.\", 0, 12, 37, 12, 82]": {
            "[:then, 1, 12, 37, 12, 82]": 3,
            "[:else, 2, 12, 37, 12, 82]": 0
          },
          "[:unless, 3, 12, 6, 12, 96]": {
            "[:else, 4, 12, 6, 12, 96]": 2,
            "[:then, 5, 12, 6, 12, 29]": 1
          },
          "[:if, 6, 14, 17, 14, 89]": {
            "[:then, 7, 14, 58, 14, 84]": 2,
            "[:else, 8, 14, 87, 14, 89]": 0
          },
          "[:if, 9, 47, 16, 47, 90]": {
            "[:then, 10, 47, 48, 47, 85]": 2,
            "[:else, 11, 47, 88, 47, 90]": 0
          },
          "[:if, 12, 52, 6, 52, 45]": {
            "[:then, 13, 52, 6, 52, 20]": 1,
            "[:else, 14, 52, 6, 52, 45]": 1
          },
          "[:if, 15, 56, 23, 56, 81]": {
            "[:then, 16, 56, 47, 56, 76]": 0,
            "[:else, 17, 56, 79, 56, 81]": 0
          },
          "[:if, 18, 63, 17, 63, 65]": {
            "[:then, 19, 63, 46, 63, 60]": 2,
            "[:else, 20, 63, 63, 63, 65]": 0
          },
          "[:\"&.\", 21, 67, 94, 67, 109]": {
            "[:then, 22, 67, 94, 67, 109]": 0,
            "[:else, 23, 67, 94, 67, 109]": 0
          },
          "[:\"&.\", 24, 67, 94, 67, 118]": {
            "[:then, 25, 67, 94, 67, 118]": 0,
            "[:else, 26, 67, 94, 67, 118]": 0
          },
          "[:\"&.\", 27, 68, 71, 68, 97]": {
            "[:then, 28, 68, 71, 68, 97]": 0,
            "[:else, 29, 68, 71, 68, 97]": 0
          },
          "[:\"&.\", 30, 68, 101, 68, 126]": {
            "[:then, 31, 68, 101, 68, 126]": 0,
            "[:else, 32, 68, 101, 68, 126]": 0
          },
          "[:\"&.\", 33, 69, 27, 69, 53]": {
            "[:then, 34, 69, 27, 69, 53]": 2,
            "[:else, 35, 69, 27, 69, 53]": 0
          }
        }
      },
      "/home/pkumar/workspace/insta_dm/app/services/instagram_profiles/events_query.rb": {
        "lines": [
          1,
          1,
          1,
          1,
          1,
          null,
          1,
          null,
          1,
          2,
          2,
          2,
          null,
          null,
          1,
          2,
          2,
          2,
          2,
          2,
          null,
          2,
          2,
          2,
          2,
          2,
          null,
          2,
          null,
          null,
          1,
          null,
          1,
          null,
          1,
          2,
          null,
          null,
          1,
          2,
          1,
          1,
          1,
          1,
          null,
          1,
          1,
          null,
          2,
          null,
          null,
          1,
          2,
          null,
          1,
          1,
          null,
          null,
          1,
          2,
          2,
          null,
          2,
          2,
          null,
          2,
          null,
          0,
          null,
          1,
          null,
          0,
          null,
          1,
          null,
          null,
          null,
          1,
          2,
          2,
          null,
          null,
          1,
          2,
          2,
          2,
          null,
          null,
          null
        ],
        "branches": {
          "[:if, 0, 43, 8, 43, 28]": {
            "[:then, 1, 43, 8, 43, 12]": 0,
            "[:else, 2, 43, 8, 43, 28]": 1
          },
          "[:unless, 3, 44, 8, 44, 35]": {
            "[:else, 4, 44, 8, 44, 35]": 1,
            "[:then, 5, 44, 8, 44, 12]": 0
          },
          "[:if, 6, 53, 6, 53, 34]": {
            "[:then, 7, 53, 6, 53, 18]": 1,
            "[:else, 8, 53, 6, 53, 34]": 1
          },
          "[:unless, 9, 61, 6, 61, 46]": {
            "[:else, 10, 61, 6, 61, 46]": 2,
            "[:then, 11, 61, 6, 61, 16]": 0
          },
          "[:if, 12, 64, 12, 64, 65]": {
            "[:then, 13, 64, 51, 64, 57]": 0,
            "[:else, 14, 64, 60, 64, 65]": 2
          },
          "[:case, 15, 66, 6, 75, 9]": {
            "[:when, 16, 68, 8, 68, 71]": 0,
            "[:when, 17, 70, 8, 70, 89]": 1,
            "[:when, 18, 72, 8, 72, 62]": 0,
            "[:else, 19, 74, 8, 74, 11]": 1
          },
          "[:if, 20, 80, 6, 80, 33]": {
            "[:then, 21, 80, 24, 80, 29]": 0,
            "[:else, 22, 80, 32, 80, 33]": 2
          },
          "[:if, 23, 85, 6, 85, 44]": {
            "[:then, 24, 85, 6, 85, 30]": 0,
            "[:else, 25, 85, 6, 85, 44]": 2
          }
        }
      },
      "/home/pkumar/workspace/insta_dm/app/services/instagram_profiles/tabulator_events_payload_builder.rb": {
        "lines": [
          1,
          1,
          1,
          1,
          1,
          1,
          1,
          null,
          null,
          1,
          null,
          2,
          null,
          null,
          null,
          null,
          null,
          1,
          null,
          1,
          null,
          1,
          1,
          1,
          null,
          null,
          1,
          null,
          null,
          null,
          null,
          null,
          1,
          1,
          1,
          null,
          null,
          null,
          null,
          null,
          1,
          1,
          1,
          null,
          0,
          null,
          null,
          1,
          0,
          0,
          null,
          0,
          0,
          null,
          0,
          null,
          null,
          1,
          1,
          1,
          null,
          1,
          null,
          null,
          1,
          2,
          2,
          2,
          null,
          null,
          null
        ],
        "branches": {
          "[:if, 0, 23, 17, 23, 65]": {
            "[:then, 1, 23, 46, 23, 60]": 1,
            "[:else, 2, 23, 63, 23, 65]": 0
          },
          "[:\"&.\", 3, 30, 21, 30, 47]": {
            "[:then, 4, 30, 21, 30, 47]": 0,
            "[:else, 5, 30, 21, 30, 47]": 1
          },
          "[:\"&.\", 6, 31, 21, 31, 47]": {
            "[:then, 7, 31, 21, 31, 47]": 1,
            "[:else, 8, 31, 21, 31, 47]": 0
          },
          "[:if, 9, 33, 28, 33, 80]": {
            "[:then, 10, 33, 45, 33, 74]": 1,
            "[:else, 11, 33, 77, 33, 80]": 0
          },
          "[:if, 12, 34, 19, 34, 64]": {
            "[:then, 13, 34, 36, 34, 58]": 1,
            "[:else, 14, 34, 61, 34, 64]": 0
          },
          "[:if, 15, 35, 28, 35, 100]": {
            "[:then, 16, 35, 45, 35, 94]": 1,
            "[:else, 17, 35, 97, 35, 100]": 0
          },
          "[:if, 18, 43, 6, 43, 32]": {
            "[:then, 19, 43, 6, 43, 16]": 1,
            "[:else, 20, 43, 6, 43, 32]": 0
          },
          "[:unless, 21, 49, 6, 49, 45]": {
            "[:else, 22, 49, 6, 49, 45]": 0,
            "[:then, 23, 49, 6, 49, 16]": 0
          },
          "[:\"&.\", 24, 50, 24, 50, 54]": {
            "[:then, 25, 50, 24, 50, 54]": 0,
            "[:else, 26, 50, 24, 50, 54]": 0
          },
          "[:unless, 27, 50, 6, 50, 81]": {
            "[:else, 28, 50, 6, 50, 81]": 0,
            "[:then, 29, 50, 6, 50, 16]": 0
          },
          "[:if, 30, 60, 6, 60, 40]": {
            "[:then, 31, 60, 6, 60, 17]": 0,
            "[:else, 32, 60, 6, 60, 40]": 1
          },
          "[:if, 33, 67, 6, 67, 65]": {
            "[:then, 34, 67, 6, 67, 41]": 1,
            "[:else, 35, 67, 6, 67, 65]": 1
          }
        }
      },
      "/home/pkumar/workspace/insta_dm/app/models/instagram_account.rb": {
        "lines": [
          1,
          1,
          null,
          1,
          1,
          1,
          1,
          1,
          1,
          1,
          1,
          1,
          1,
          1,
          1,
          1,
          1,
          1,
          1,
          1,
          1,
          1,
          1,
          1,
          null,
          1,
          1,
          null,
          null,
          0,
          0,
          0,
          0,
          null,
          null,
          1,
          1,
          null,
          1,
          null,
          1,
          0,
          null,
          null,
          1,
          0,
          null,
          0,
          null,
          0,
          null,
          null,
          1,
          0,
          null,
          null,
          1,
          0,
          null,
          null,
          1,
          0,
          null,
          null,
          1,
          0,
          null,
          null,
          1,
          0,
          null,
          null,
          1,
          0,
          null,
          0,
          null,
          0,
          null,
          null,
          1,
          0,
          null,
          null,
          1,
          null,
          0,
          null,
          null,
          null,
          null,
          null,
          null,
          null,
          1,
          0,
          0,
          0,
          0,
          0,
          0,
          null,
          null,
          1,
          0,
          null,
          null,
          1,
          0,
          null,
          null,
          1,
          0,
          null,
          null,
          1,
          null,
          1,
          0,
          null,
          0,
          null,
          0,
          null,
          null,
          1,
          0,
          0,
          0,
          null,
          0,
          null,
          null,
          null
        ],
        "branches": {
          "[:if, 0, 27, 2, 34, 5]": {
            "[:then, 1, 30, 4, 33, 32]": 0,
            "[:else, 2, 27, 2, 34, 5]": 1
          },
          "[:if, 3, 46, 4, 46, 36]": {
            "[:then, 4, 46, 4, 46, 13]": 0,
            "[:else, 5, 46, 4, 46, 36]": 0
          },
          "[:if, 6, 74, 4, 74, 42]": {
            "[:then, 7, 74, 4, 74, 13]": 0,
            "[:else, 8, 74, 4, 74, 42]": 0
          },
          "[:if, 9, 119, 4, 119, 29]": {
            "[:then, 10, 119, 4, 119, 13]": 0,
            "[:else, 11, 119, 4, 119, 29]": 0
          },
          "[:unless, 12, 129, 6, 129, 42]": {
            "[:else, 13, 129, 6, 129, 42]": 0,
            "[:then, 14, 129, 6, 129, 16]": 0
          }
        }
      },
      "/home/pkumar/workspace/insta_dm/app/models/application_record.rb": {
        "lines": [
          1,
          1,
          null
        ],
        "branches": {}
      },
      "/home/pkumar/workspace/insta_dm/app/models/sync_run.rb": {
        "lines": [
          1,
          1,
          null,
          1,
          1,
          null,
          1,
          0,
          null,
          0,
          null,
          0,
          null,
          null,
          1,
          0,
          null,
          null,
          null
        ],
        "branches": {
          "[:if, 0, 8, 4, 8, 34]": {
            "[:then, 1, 8, 4, 8, 13]": 0,
            "[:else, 2, 8, 4, 8, 34]": 0
          }
        }
      },
      "/home/pkumar/workspace/insta_dm/app/models/background_job_failure.rb": {
        "lines": [
          1,
          1,
          null,
          1,
          1,
          1,
          null,
          1,
          1,
          1,
          1,
          1,
          1,
          null,
          1,
          null,
          1,
          null,
          1,
          0,
          null,
          null,
          1,
          0,
          null,
          null,
          1,
          0,
          null,
          null,
          1,
          null,
          1,
          1,
          null,
          null,
          null,
          null,
          null,
          1,
          null,
          null,
          null,
          null,
          null,
          null,
          null
        ],
        "branches": {}
      },
      "/home/pkumar/workspace/insta_dm/app/services/ops/live_update_broadcaster.rb": {
        "lines": [
          1,
          1,
          1,
          null,
          1,
          1,
          1,
          null,
          null,
          1,
          20,
          null,
          null,
          1,
          28,
          null,
          21,
          21,
          21,
          21,
          21,
          null,
          0,
          null,
          null,
          1,
          null,
          1,
          null,
          21,
          null,
          21,
          null,
          null,
          null,
          1,
          28,
          28,
          null,
          28,
          28,
          28,
          null,
          21,
          21,
          null,
          0,
          null,
          null,
          1,
          28,
          28,
          null,
          null,
          null,
          null
        ],
        "branches": {
          "[:if, 0, 15, 8, 15, 130]": {
            "[:then, 1, 15, 8, 15, 14]": 7,
            "[:else, 2, 15, 8, 15, 130]": 21
          },
          "[:if, 3, 18, 27, 18, 129]": {
            "[:then, 4, 18, 49, 18, 75]": 21,
            "[:else, 5, 18, 78, 18, 129]": 0
          },
          "[:if, 6, 20, 8, 20, 80]": {
            "[:then, 7, 20, 8, 20, 60]": 1,
            "[:else, 8, 20, 8, 20, 80]": 20
          },
          "[:if, 9, 21, 8, 21, 119]": {
            "[:then, 10, 21, 8, 21, 84]": 20,
            "[:else, 11, 21, 8, 21, 119]": 1
          },
          "[:if, 12, 32, 19, 32, 53]": {
            "[:then, 13, 32, 41, 32, 48]": 21,
            "[:else, 14, 32, 51, 32, 53]": 0
          },
          "[:if, 15, 38, 8, 38, 32]": {
            "[:then, 16, 38, 8, 38, 20]": 0,
            "[:else, 17, 38, 8, 38, 32]": 28
          },
          "[:if, 18, 42, 8, 42, 38]": {
            "[:then, 19, 42, 8, 42, 19]": 7,
            "[:else, 20, 42, 8, 42, 38]": 21
          }
        }
      },
      "/home/pkumar/workspace/insta_dm/app/services/workspace/actions_todo_queue_service.rb": {
        "lines": [
          1,
          null,
          1,
          1,
          1,
          1,
          1,
          1,
          1,
          null,
          1,
          null,
          null,
          null,
          null,
          null,
          null,
          1,
          0,
          0,
          0,
          0,
          0,
          null,
          null,
          1,
          0,
          0,
          null,
          0,
          0,
          0,
          null,
          0,
          0,
          null,
          null,
          0,
          null,
          null,
          0,
          0,
          null,
          null,
          null,
          null,
          null,
          null,
          1,
          null,
          1,
          null,
          1,
          null,
          0,
          null,
          null,
          null,
          null,
          null,
          null,
          null,
          null,
          null,
          null,
          1,
          0,
          0,
          null,
          0,
          null,
          null,
          null,
          null,
          null,
          null,
          0,
          null,
          null,
          1,
          0,
          0,
          0,
          0,
          0,
          null,
          0,
          0,
          null,
          0,
          0,
          0,
          0,
          0,
          0,
          0,
          null,
          null,
          0,
          null,
          null,
          null,
          null,
          null,
          null,
          null,
          null,
          null,
          null,
          null,
          null,
          null,
          null,
          1,
          0,
          null,
          0,
          0,
          null,
          0,
          null,
          0,
          0,
          null,
          0,
          0,
          0,
          null,
          null,
          0,
          null,
          null,
          1,
          0,
          null,
          0,
          null,
          0,
          null,
          0,
          null,
          0,
          null,
          0,
          null,
          0,
          null,
          0,
          null,
          0,
          null,
          0,
          null,
          0,
          null,
          0,
          0,
          null,
          0,
          null,
          null,
          null,
          null,
          1,
          0,
          null,
          null,
          null,
          null,
          null,
          null,
          null,
          null,
          null,
          null,
          null,
          null,
          null,
          null,
          0,
          null,
          0,
          null,
          null,
          null,
          null,
          null,
          null,
          1,
          0,
          0,
          null,
          0,
          0,
          null,
          null,
          null,
          null,
          null,
          0,
          null,
          0,
          null,
          null,
          0,
          null,
          null,
          1,
          0,
          0,
          null,
          0,
          0,
          null,
          0,
          null,
          0,
          null,
          null,
          1,
          0,
          null,
          null,
          1,
          0,
          0,
          null,
          null,
          1,
          0,
          0,
          0,
          null,
          0,
          0,
          0,
          null,
          0,
          null,
          0,
          null,
          null,
          1,
          0,
          null,
          null,
          0,
          null,
          null,
          null,
          null,
          null,
          null,
          0,
          null,
          0,
          0,
          null,
          0,
          null,
          null,
          null,
          0,
          null,
          null,
          null
        ],
        "branches": {
          "[:if, 0, 28, 6, 28, 41]": {
            "[:then, 1, 28, 6, 28, 25]": 0,
            "[:else, 2, 28, 6, 28, 41]": 0
          },
          "[:if, 3, 32, 6, 32, 41]": {
            "[:then, 4, 32, 6, 32, 25]": 0,
            "[:else, 5, 32, 6, 32, 41]": 0
          },
          "[:if, 6, 35, 6, 35, 85]": {
            "[:then, 7, 35, 6, 35, 62]": 0,
            "[:else, 8, 35, 6, 35, 85]": 0
          },
          "[:unless, 9, 82, 6, 82, 31]": {
            "[:else, 10, 82, 6, 82, 31]": 0,
            "[:then, 11, 82, 6, 82, 16]": 0
          },
          "[:unless, 12, 83, 6, 83, 46]": {
            "[:else, 13, 83, 6, 83, 46]": 0,
            "[:then, 14, 83, 6, 83, 16]": 0
          },
          "[:if, 15, 84, 6, 84, 46]": {
            "[:then, 16, 84, 6, 84, 16]": 0,
            "[:else, 17, 84, 6, 84, 46]": 0
          },
          "[:unless, 18, 85, 6, 85, 48]": {
            "[:else, 19, 85, 6, 85, 48]": 0,
            "[:then, 20, 85, 6, 85, 16]": 0
          },
          "[:if, 21, 88, 6, 88, 51]": {
            "[:then, 22, 88, 6, 88, 16]": 0,
            "[:else, 23, 88, 6, 88, 51]": 0
          },
          "[:if, 24, 90, 17, 90, 63]": {
            "[:then, 25, 90, 45, 90, 58]": 0,
            "[:else, 26, 90, 61, 90, 63]": 0
          },
          "[:if, 27, 91, 17, 91, 63]": {
            "[:then, 28, 91, 45, 91, 58]": 0,
            "[:else, 29, 91, 61, 91, 63]": 0
          },
          "[:if, 30, 92, 15, 92, 109]": {
            "[:then, 31, 92, 67, 92, 104]": 0,
            "[:else, 32, 92, 107, 92, 109]": 0
          },
          "[:if, 33, 93, 24, 93, 102]": {
            "[:then, 34, 93, 68, 93, 97]": 0,
            "[:else, 35, 93, 100, 93, 102]": 0
          },
          "[:if, 36, 115, 6, 115, 40]": {
            "[:then, 37, 115, 6, 115, 20]": 0,
            "[:else, 38, 115, 6, 115, 40]": 0
          },
          "[:if, 39, 118, 6, 118, 38]": {
            "[:then, 40, 118, 6, 118, 19]": 0,
            "[:else, 41, 118, 6, 118, 38]": 0
          },
          "[:unless, 42, 120, 6, 120, 65]": {
            "[:else, 43, 120, 6, 120, 65]": 0,
            "[:then, 44, 120, 6, 120, 37]": 0
          },
          "[:if, 45, 123, 6, 123, 88]": {
            "[:then, 46, 123, 6, 123, 36]": 0,
            "[:else, 47, 123, 6, 123, 88]": 0
          },
          "[:if, 48, 126, 6, 128, 9]": {
            "[:then, 49, 127, 8, 127, 38]": 0,
            "[:else, 50, 126, 6, 128, 9]": 0
          },
          "[:case, 51, 134, 6, 161, 9]": {
            "[:when, 52, 136, 8, 136, 32]": 0,
            "[:when, 53, 138, 8, 138, 43]": 0,
            "[:when, 54, 140, 8, 140, 49]": 0,
            "[:when, 55, 142, 8, 142, 81]": 0,
            "[:when, 56, 144, 8, 144, 46]": 0,
            "[:when, 57, 146, 8, 146, 43]": 0,
            "[:when, 58, 148, 8, 148, 98]": 0,
            "[:when, 59, 150, 8, 150, 63]": 0,
            "[:when, 60, 152, 8, 152, 60]": 0,
            "[:when, 61, 154, 8, 154, 62]": 0,
            "[:else, 62, 156, 8, 160, 11]": 0
          },
          "[:if, 63, 156, 8, 160, 11]": {
            "[:then, 64, 157, 10, 157, 83]": 0,
            "[:else, 65, 159, 10, 159, 58]": 0
          },
          "[:if, 66, 200, 8, 200, 79]": {
            "[:then, 67, 200, 8, 200, 21]": 0,
            "[:else, 68, 200, 8, 200, 79]": 0
          },
          "[:if, 69, 210, 6, 210, 88]": {
            "[:then, 70, 210, 6, 210, 18]": 0,
            "[:else, 71, 210, 6, 210, 88]": 0
          },
          "[:if, 72, 213, 6, 213, 104]": {
            "[:then, 73, 213, 6, 213, 18]": 0,
            "[:else, 74, 213, 6, 213, 104]": 0
          },
          "[:if, 75, 225, 17, 225, 63]": {
            "[:then, 76, 225, 45, 225, 58]": 0,
            "[:else, 77, 225, 61, 225, 63]": 0
          },
          "[:if, 78, 230, 17, 230, 63]": {
            "[:then, 79, 230, 45, 230, 58]": 0,
            "[:else, 80, 230, 61, 230, 63]": 0
          },
          "[:if, 81, 232, 6, 232, 42]": {
            "[:then, 82, 232, 6, 232, 18]": 0,
            "[:else, 83, 232, 6, 232, 42]": 0
          },
          "[:if, 84, 235, 6, 235, 45]": {
            "[:then, 85, 235, 6, 235, 18]": 0,
            "[:else, 86, 235, 6, 235, 45]": 0
          },
          "[:if, 87, 236, 6, 236, 79]": {
            "[:then, 88, 236, 6, 236, 18]": 0,
            "[:else, 89, 236, 6, 236, 79]": 0
          },
          "[:if, 90, 244, 6, 244, 42]": {
            "[:then, 91, 244, 6, 244, 20]": 0,
            "[:else, 92, 244, 6, 244, 42]": 0
          },
          "[:if, 93, 256, 22, 256, 99]": {
            "[:then, 94, 256, 51, 256, 94]": 0,
            "[:else, 95, 256, 97, 256, 99]": 0
          },
          "[:if, 96, 257, 10, 257, 34]": {
            "[:then, 97, 257, 10, 257, 14]": 0,
            "[:else, 98, 257, 10, 257, 34]": 0
          }
        }
      },
      "/home/pkumar/workspace/insta_dm/app/services/instagram_accounts/skip_diagnostics_service.rb": {
        "lines": [
          1,
          1,
          null,
          1,
          null,
          null,
          null,
          null,
          null,
          null,
          null,
          null,
          1,
          null,
          null,
          null,
          null,
          null,
          null,
          1,
          0,
          0,
          null,
          null,
          1,
          0,
          0,
          null,
          0,
          0,
          0,
          0,
          null,
          null,
          null,
          0,
          null,
          null,
          null,
          null,
          0,
          null,
          null,
          1,
          null,
          1,
          null,
          1,
          0,
          null,
          null,
          null,
          null,
          null,
          null,
          1,
          0,
          0,
          null,
          null,
          0,
          null,
          null,
          null,
          null,
          null,
          null,
          1,
          0,
          0,
          0,
          null,
          0,
          null,
          null,
          null
        ],
        "branches": {
          "[:if, 0, 30, 19, 30, 67]": {
            "[:then, 1, 30, 48, 30, 62]": 0,
            "[:else, 2, 30, 65, 30, 67]": 0
          },
          "[:if, 3, 69, 6, 69, 54]": {
            "[:then, 4, 69, 6, 69, 20]": 0,
            "[:else, 5, 69, 6, 69, 54]": 0
          },
          "[:if, 6, 70, 6, 70, 56]": {
            "[:then, 7, 70, 6, 70, 21]": 0,
            "[:else, 8, 70, 6, 70, 56]": 0
          },
          "[:if, 9, 71, 6, 71, 77]": {
            "[:then, 10, 71, 6, 71, 20]": 0,
            "[:else, 11, 71, 6, 71, 77]": 0
          }
        }
      },
      "/home/pkumar/workspace/insta_dm/app/services/ops/account_issues.rb": {
        "lines": [
          1,
          1,
          1,
          0,
          0,
          0,
          null,
          0,
          0,
          null,
          null,
          0,
          0,
          null,
          null,
          0,
          0,
          null,
          null,
          0,
          0,
          0,
          null,
          0,
          0,
          null,
          0,
          null,
          null,
          0,
          null,
          null,
          0,
          0,
          null,
          null,
          0,
          0,
          null,
          null,
          0,
          null,
          null,
          null
        ],
        "branches": {
          "[:if, 0, 8, 6, 10, 9]": {
            "[:then, 1, 9, 8, 9, 108]": 0,
            "[:else, 2, 8, 6, 10, 9]": 0
          },
          "[:if, 3, 12, 6, 14, 9]": {
            "[:then, 4, 13, 8, 13, 123]": 0,
            "[:else, 5, 12, 6, 14, 9]": 0
          },
          "[:if, 6, 16, 6, 18, 9]": {
            "[:then, 7, 17, 8, 17, 151]": 0,
            "[:else, 8, 16, 6, 18, 9]": 0
          },
          "[:if, 9, 22, 6, 31, 9]": {
            "[:then, 10, 23, 8, 28, 11]": 0,
            "[:else, 11, 30, 8, 30, 99]": 0
          },
          "[:unless, 12, 27, 10, 27, 114]": {
            "[:else, 13, 27, 10, 27, 114]": 0,
            "[:then, 14, 27, 10, 27, 92]": 0
          },
          "[:if, 15, 25, 10, 25, 153]": {
            "[:then, 16, 25, 10, 25, 115]": 0,
            "[:else, 17, 25, 10, 25, 153]": 0
          },
          "[:unless, 18, 30, 8, 30, 99]": {
            "[:else, 19, 30, 8, 30, 99]": 0,
            "[:then, 20, 30, 8, 30, 77]": 0
          },
          "[:if, 21, 33, 6, 35, 9]": {
            "[:then, 22, 34, 8, 34, 119]": 0,
            "[:else, 23, 33, 6, 35, 9]": 0
          },
          "[:if, 24, 37, 6, 39, 9]": {
            "[:then, 25, 38, 8, 38, 105]": 0,
            "[:else, 26, 37, 6, 39, 9]": 0
          }
        }
      },
      "/home/pkumar/workspace/insta_dm/app/services/ops/metrics.rb": {
        "lines": [
          1,
          1,
          1,
          null,
          1,
          0,
          null,
          null,
          0,
          null,
          null,
          null,
          null,
          null,
          null,
          null,
          null,
          null,
          null,
          null,
          null,
          null,
          null,
          null,
          null,
          null,
          null,
          null,
          null,
          null,
          null,
          null,
          null,
          null,
          null,
          1,
          0,
          null,
          null,
          0,
          null,
          null,
          null,
          null,
          null,
          null,
          null,
          null,
          null,
          null,
          null,
          null,
          null,
          null,
          null,
          null,
          null,
          null,
          null,
          null,
          null,
          null,
          null,
          null,
          null,
          null,
          null,
          null,
          null,
          null,
          null,
          null,
          1,
          0,
          null,
          null,
          1,
          0,
          null,
          0,
          0,
          null,
          null,
          0,
          0,
          null,
          null,
          null,
          null,
          null,
          null,
          null,
          null,
          0,
          null,
          null,
          null,
          null,
          null,
          null,
          null,
          null,
          null,
          1,
          null,
          0,
          0,
          0,
          0,
          0,
          0,
          0,
          null,
          null,
          null,
          1,
          0,
          null,
          0,
          null,
          null,
          1,
          0,
          null,
          0,
          null,
          null,
          1,
          0,
          0,
          0,
          null,
          0,
          0,
          null,
          null,
          null,
          null,
          0,
          null,
          null,
          null,
          null,
          null,
          null,
          null,
          null,
          null,
          null,
          null,
          null,
          null,
          null,
          1,
          null,
          0,
          null,
          0,
          null,
          null,
          null,
          0,
          null,
          null,
          null,
          null,
          null,
          null,
          0,
          null,
          null,
          null,
          0,
          null,
          null,
          null,
          null,
          null,
          null
        ],
        "branches": {
          "[:if, 0, 74, 6, 74, 60]": {
            "[:then, 1, 74, 25, 74, 39]": 0,
            "[:else, 2, 74, 42, 74, 60]": 0
          },
          "[:\"&.\", 3, 146, 24, 146, 87]": {
            "[:then, 4, 146, 24, 146, 87]": 0,
            "[:else, 5, 146, 24, 146, 87]": 0
          }
        }
      },
      "/home/pkumar/workspace/insta_dm/app/services/ops/audit_log_builder.rb": {
        "lines": [
          1,
          1,
          1,
          1,
          0,
          0,
          null,
          null,
          0,
          null,
          null,
          null,
          null,
          0,
          null,
          0,
          null,
          null,
          null,
          null,
          null,
          null,
          null,
          null,
          null,
          null,
          null,
          0,
          null,
          null,
          null,
          null,
          null,
          null,
          0,
          0,
          null,
          0,
          null,
          null,
          null,
          null,
          null,
          null,
          null,
          null,
          0,
          0,
          0,
          null,
          null,
          null,
          null,
          null,
          0,
          0,
          null,
          null,
          null,
          null,
          1,
          null,
          null,
          null
        ],
        "branches": {
          "[:if, 0, 14, 25, 14, 69]": {
            "[:then, 1, 14, 52, 14, 64]": 0,
            "[:else, 2, 14, 67, 14, 69]": 0
          },
          "[:\"&.\", 3, 18, 28, 18, 53]": {
            "[:then, 4, 18, 28, 18, 53]": 0,
            "[:else, 5, 18, 28, 18, 53]": 0
          },
          "[:\"&.\", 6, 19, 34, 19, 65]": {
            "[:then, 7, 19, 34, 19, 65]": 0,
            "[:else, 8, 19, 34, 19, 65]": 0
          },
          "[:if, 9, 35, 25, 35, 73]": {
            "[:then, 10, 35, 54, 35, 68]": 0,
            "[:else, 11, 35, 71, 35, 73]": 0
          },
          "[:\"&.\", 12, 40, 28, 40, 55]": {
            "[:then, 13, 40, 28, 40, 55]": 0,
            "[:else, 14, 40, 28, 40, 55]": 0
          },
          "[:\"&.\", 15, 41, 34, 41, 67]": {
            "[:then, 16, 41, 34, 41, 67]": 0,
            "[:else, 17, 41, 34, 41, 67]": 0
          },
          "[:if, 18, 47, 27, 47, 132]": {
            "[:then, 19, 47, 44, 47, 126]": 0,
            "[:else, 20, 47, 129, 47, 132]": 0
          },
          "[:if, 21, 48, 36, 48, 168]": {
            "[:then, 22, 48, 53, 48, 162]": 0,
            "[:else, 23, 48, 165, 48, 168]": 0
          },
          "[:if, 24, 49, 36, 49, 94]": {
            "[:then, 25, 49, 53, 49, 88]": 0,
            "[:else, 26, 49, 91, 49, 94]": 0
          },
          "[:\"&.\", 27, 49, 53, 49, 83]": {
            "[:then, 28, 49, 53, 49, 83]": 0,
            "[:else, 29, 49, 53, 49, 83]": 0
          }
        }
      },
      "/home/pkumar/workspace/insta_dm/app/models/instagram_profile.rb": {
        "lines": [
          1,
          1,
          1,
          1,
          1,
          1,
          1,
          1,
          1,
          1,
          1,
          1,
          1,
          1,
          1,
          1,
          1,
          1,
          1,
          1,
          1,
          null,
          1,
          null,
          1,
          1,
          null,
          1,
          0,
          null,
          null,
          1,
          0,
          null,
          null,
          1,
          0,
          null,
          null,
          1,
          0,
          null,
          null,
          1,
          0,
          null,
          null,
          null,
          null,
          1,
          0,
          null,
          null,
          1,
          0,
          null,
          null,
          null,
          null,
          1,
          0,
          null,
          null,
          1,
          0,
          0,
          null,
          0,
          0,
          0,
          0,
          0,
          0,
          null,
          null,
          1,
          0,
          null,
          null,
          null,
          1,
          0,
          0,
          null,
          null,
          1,
          0,
          null,
          0,
          null,
          null,
          null,
          null,
          null,
          null,
          null,
          null,
          null,
          1,
          null,
          1,
          9,
          null,
          null,
          null,
          null,
          null,
          null,
          null
        ],
        "branches": {
          "[:if, 0, 66, 4, 66, 83]": {
            "[:then, 1, 66, 4, 66, 69]": 0,
            "[:else, 2, 66, 4, 66, 83]": 0
          },
          "[:if, 3, 70, 4, 70, 59]": {
            "[:then, 4, 70, 4, 70, 35]": 0,
            "[:else, 5, 70, 4, 70, 59]": 0
          },
          "[:\"&.\", 6, 90, 19, 90, 43]": {
            "[:then, 7, 90, 19, 90, 43]": 0,
            "[:else, 8, 90, 19, 90, 43]": 0
          },
          "[:\"&.\", 9, 91, 17, 91, 39]": {
            "[:then, 10, 91, 17, 91, 39]": 0,
            "[:else, 11, 91, 17, 91, 39]": 0
          }
        }
      },
      "/home/pkumar/workspace/insta_dm/app/models/instagram_profile_event.rb": {
        "lines": [
          1,
          null,
          1,
          1,
          1,
          null,
          1,
          0,
          0,
          0,
          null,
          null,
          null,
          1,
          null,
          1,
          1,
          1,
          null,
          1,
          1,
          1,
          null,
          null,
          1,
          1,
          1,
          null,
          1,
          1,
          1,
          1,
          null,
          null,
          1,
          null,
          null,
          null,
          null,
          1,
          null,
          1,
          4,
          null,
          null,
          1,
          1,
          null,
          null,
          1,
          0,
          null,
          null,
          null,
          null,
          null,
          0,
          null,
          null,
          1,
          0,
          null,
          null,
          null,
          null,
          null,
          null,
          0,
          null,
          null,
          1,
          0,
          null,
          null,
          0,
          null,
          null,
          null,
          null,
          null,
          null,
          null,
          null,
          0,
          null,
          0,
          null,
          null,
          1,
          null,
          0,
          0,
          null,
          0,
          null,
          null,
          0,
          null,
          null,
          null,
          null,
          null,
          null,
          0,
          null,
          null,
          0,
          null,
          null,
          null,
          null,
          null,
          0,
          null,
          null,
          null,
          null,
          null,
          0,
          null,
          null,
          1,
          0,
          0,
          null,
          null,
          null,
          null,
          null,
          null,
          0,
          null,
          null,
          null,
          null,
          null,
          0,
          0,
          0,
          0,
          0,
          0,
          0,
          0,
          0,
          0,
          0,
          null,
          null,
          null,
          null,
          null,
          0,
          0,
          0,
          0,
          null,
          null,
          null,
          null,
          null,
          0,
          0,
          0,
          null,
          0,
          null,
          null,
          null,
          null,
          0,
          null,
          null,
          null,
          null,
          null,
          null,
          null,
          null,
          null,
          null,
          null,
          null,
          null,
          null,
          null,
          null,
          null,
          0,
          null,
          0,
          0,
          null,
          null,
          0,
          null,
          null,
          null,
          null,
          null,
          null,
          0,
          0,
          null,
          null,
          0,
          0,
          null,
          null,
          0,
          null,
          null,
          null,
          null,
          null,
          null,
          null,
          0,
          null,
          null,
          null,
          null,
          null,
          null,
          null,
          null,
          null,
          null,
          null,
          null,
          null,
          0,
          null,
          null,
          null,
          null,
          null,
          null,
          null,
          null,
          0,
          0,
          0,
          null,
          null,
          null,
          null,
          null,
          null,
          null,
          0,
          null,
          null,
          null,
          null,
          null,
          null,
          1,
          0,
          null,
          null,
          1,
          0,
          null,
          null,
          1,
          0,
          0,
          0,
          0,
          0,
          0,
          0,
          0,
          0,
          0,
          0,
          null,
          null,
          0,
          null,
          0,
          null,
          0,
          null,
          null,
          0,
          null,
          0,
          null,
          null,
          null,
          null,
          null,
          null,
          null,
          null,
          null,
          null,
          null,
          null,
          null,
          null,
          null,
          null,
          null,
          null,
          null,
          null,
          null,
          null,
          null,
          null,
          null,
          null,
          null,
          null,
          null,
          null,
          null,
          null,
          null,
          null,
          null,
          null,
          null,
          null,
          null,
          null,
          null,
          null,
          null,
          null,
          null,
          null,
          null,
          null,
          null,
          null,
          null,
          null,
          null,
          null,
          1,
          0,
          0,
          null,
          0,
          null,
          null,
          null,
          null,
          null,
          null,
          null,
          null,
          null,
          null,
          null,
          0,
          null,
          null,
          1,
          0,
          0,
          null,
          0,
          null,
          null,
          null,
          null,
          null,
          null,
          null,
          null,
          null,
          null,
          null,
          null,
          null,
          0,
          null,
          null,
          1,
          0,
          0,
          null,
          0,
          null,
          null,
          null,
          null,
          null,
          null,
          null,
          null,
          null,
          null,
          0,
          null,
          null,
          1,
          0,
          0,
          null,
          0,
          null,
          null,
          null,
          null,
          null,
          null,
          null,
          null,
          null,
          0,
          null,
          null,
          1,
          0,
          0,
          null,
          0,
          null,
          null,
          null,
          null,
          null,
          null,
          null,
          null,
          null,
          null,
          0,
          null,
          null,
          1,
          0,
          0,
          null,
          0,
          null,
          null,
          null,
          null,
          null,
          null,
          null,
          null,
          null,
          null,
          null,
          0,
          null,
          null,
          1,
          15,
          null,
          15,
          null,
          null,
          null,
          null,
          null,
          null,
          0,
          null,
          null,
          1,
          null,
          1,
          15,
          15,
          null,
          15,
          null,
          0,
          null,
          null,
          1,
          11,
          null,
          null,
          null,
          null,
          0,
          null,
          null,
          1,
          15,
          null,
          15,
          15,
          null,
          0,
          null,
          null,
          1,
          15,
          15,
          null,
          15,
          null,
          null,
          null,
          null,
          null,
          null,
          0,
          null,
          null,
          1,
          5,
          null,
          5,
          0,
          null,
          null,
          5,
          1,
          null,
          null,
          5,
          1,
          null,
          null,
          5,
          0,
          null,
          null,
          null,
          1,
          0,
          0,
          0,
          0,
          null,
          null,
          null,
          null,
          0,
          null,
          null,
          0,
          null,
          null,
          null,
          null,
          null,
          null,
          null,
          null,
          null,
          null,
          null,
          null,
          null,
          null,
          null,
          null,
          null,
          0,
          null,
          0,
          0,
          0,
          0,
          0,
          0,
          null,
          null,
          null,
          null,
          null,
          0,
          null,
          null,
          null,
          0,
          null,
          null,
          null,
          0,
          0,
          0,
          null,
          0,
          0,
          0,
          0,
          0,
          0,
          0,
          0,
          null,
          null,
          null,
          null,
          null,
          null,
          null,
          0,
          null,
          null,
          null,
          null,
          null,
          null,
          null,
          null,
          null,
          null,
          null,
          null,
          null,
          null,
          null,
          null,
          null,
          null,
          null,
          1,
          0,
          0,
          0,
          0,
          0,
          0,
          null,
          0,
          null,
          null,
          null,
          null,
          null,
          0,
          null,
          null,
          null,
          null,
          null,
          0,
          null,
          null,
          null,
          null,
          null,
          0,
          null,
          null,
          null,
          null,
          null,
          0,
          null,
          null,
          null,
          null,
          null,
          0,
          null,
          null,
          null,
          null,
          null,
          0,
          null,
          null,
          null,
          null,
          null,
          0,
          null,
          null,
          null,
          null,
          null,
          0,
          0,
          null,
          null,
          null,
          null,
          null,
          null,
          0,
          0,
          0,
          null,
          0,
          0,
          null,
          0,
          0,
          null,
          0,
          0,
          null,
          null,
          null,
          0,
          null,
          null,
          null,
          null,
          null,
          0,
          0,
          null,
          null,
          null,
          0,
          0,
          null,
          null,
          0,
          null,
          null,
          0,
          null,
          null,
          null,
          null,
          null,
          null,
          null,
          null,
          null,
          null,
          0,
          null,
          null,
          null,
          null,
          0,
          null,
          null,
          null,
          null,
          null,
          null,
          null,
          null,
          null,
          null,
          null,
          null,
          null,
          null,
          0,
          0,
          0,
          0,
          null,
          0,
          null,
          null,
          null,
          null,
          0,
          null,
          null,
          null,
          null,
          0,
          0,
          0,
          0,
          0,
          0,
          null,
          0,
          0,
          0,
          null,
          0,
          0,
          null,
          null,
          null,
          null,
          0,
          0,
          0,
          0,
          0,
          0,
          0,
          null,
          null,
          null,
          null,
          0,
          0,
          0,
          null,
          null,
          0,
          null,
          0,
          null,
          null,
          null,
          null,
          null,
          null,
          null,
          null,
          null,
          null,
          null,
          null,
          null,
          null,
          1,
          0,
          0,
          0,
          null,
          0,
          0,
          null,
          0,
          0,
          0,
          0,
          0,
          0,
          0,
          0,
          0,
          0,
          0,
          0,
          0,
          null,
          null,
          null,
          null,
          null,
          null,
          null,
          null,
          null,
          null,
          null,
          null,
          null,
          null,
          null,
          0,
          null,
          0,
          0,
          0,
          0,
          null,
          0,
          0,
          null,
          null,
          null,
          null,
          null,
          0,
          null,
          null,
          1,
          0,
          0,
          0,
          0,
          0,
          null,
          null,
          0,
          null,
          null,
          null,
          0,
          null,
          0,
          0,
          0,
          null,
          0,
          null,
          null,
          null,
          null,
          null,
          null,
          0,
          0,
          0,
          0,
          0,
          0,
          0,
          0,
          null,
          0,
          null,
          0,
          0,
          0,
          0,
          0,
          0,
          0,
          null,
          0,
          null,
          null,
          null,
          null,
          null,
          null,
          0,
          null,
          0,
          null,
          0,
          null,
          null,
          null,
          null,
          null,
          null,
          null,
          0,
          null,
          null,
          null,
          null,
          null,
          0,
          null,
          null,
          1,
          0,
          0,
          0,
          0,
          null,
          null,
          null,
          null,
          null,
          null,
          0,
          0,
          0,
          0,
          0,
          null,
          0,
          0,
          0,
          0,
          0,
          0,
          0,
          0,
          0,
          null,
          null,
          1,
          0,
          0,
          0,
          null,
          0,
          null,
          null,
          1,
          0,
          null,
          null,
          null,
          null,
          null,
          null,
          null,
          1,
          0,
          0,
          0,
          null,
          0,
          0,
          0,
          0,
          0,
          0,
          0,
          0,
          0,
          0,
          0,
          null,
          0,
          null,
          0,
          0,
          0,
          null,
          0,
          null,
          null,
          1,
          0,
          null,
          0,
          null,
          null,
          null,
          null,
          null,
          null,
          null,
          null,
          null,
          null,
          null,
          null,
          null,
          1,
          0,
          0,
          null,
          0,
          0,
          0,
          0,
          null,
          0,
          null,
          null,
          0,
          null,
          null,
          1,
          0,
          null,
          null,
          0,
          null,
          null,
          null,
          null,
          0,
          null,
          null,
          0,
          null,
          null,
          null,
          null,
          null,
          null,
          null,
          null,
          null,
          null,
          null,
          null,
          null,
          null,
          null,
          null,
          1,
          0,
          null,
          null,
          null,
          null,
          0,
          0,
          null,
          0,
          0,
          null,
          null,
          0,
          0,
          null,
          null,
          0,
          null,
          null,
          null,
          null,
          0,
          null,
          null,
          null,
          0,
          null,
          null,
          null,
          null,
          null,
          0,
          null,
          null,
          null,
          null,
          null,
          0,
          null,
          null,
          null,
          null,
          null,
          null,
          0,
          null,
          null,
          null,
          null,
          null,
          null,
          null,
          null,
          null,
          null,
          null,
          null,
          null,
          null,
          null,
          null,
          null,
          null,
          null,
          null,
          null,
          1,
          0,
          0,
          0,
          null,
          0,
          0,
          0,
          0,
          0,
          0,
          null,
          0,
          null,
          null,
          null,
          0,
          0,
          null,
          0,
          null,
          null,
          null,
          null,
          null,
          null,
          0,
          0,
          null,
          0,
          null,
          null,
          null,
          null,
          null,
          null,
          null,
          null,
          null,
          null,
          0,
          null,
          null,
          1,
          0,
          null,
          0,
          null,
          null,
          null,
          null,
          null,
          null,
          null,
          null,
          null,
          null,
          null,
          1,
          0,
          null,
          0,
          0,
          null,
          0,
          0,
          0,
          0,
          0,
          0,
          null,
          null,
          0,
          0,
          0,
          0,
          0,
          0,
          null,
          null,
          0,
          0,
          0,
          0,
          0,
          0,
          null,
          null,
          0,
          0,
          0,
          null,
          0,
          null,
          null,
          1,
          0,
          null,
          0,
          null,
          null,
          null,
          null,
          0,
          0,
          0,
          0,
          0,
          0,
          0,
          0,
          0,
          0,
          0,
          0,
          0,
          null,
          null,
          0,
          null,
          null,
          null,
          null,
          null,
          null,
          null,
          null,
          null,
          null,
          null,
          null,
          null,
          null,
          null,
          0,
          null,
          null,
          1,
          0,
          0,
          null,
          0,
          0,
          0,
          0,
          0,
          0,
          0,
          0,
          0,
          0,
          0,
          0,
          null,
          null,
          0,
          null,
          null,
          1,
          0,
          0,
          0,
          null,
          0,
          0,
          0,
          0,
          null,
          0,
          null,
          null,
          null,
          null,
          null,
          0,
          null,
          null,
          1,
          0,
          0,
          0,
          null,
          0,
          null,
          null,
          1,
          0,
          null,
          0,
          null,
          null,
          null,
          0,
          0,
          0,
          null,
          null,
          0,
          null,
          null,
          null,
          null,
          null,
          null,
          null,
          null,
          null,
          null,
          null,
          null,
          null,
          null,
          0,
          null,
          null,
          1,
          0,
          0,
          0,
          0,
          0,
          0,
          null,
          null,
          0,
          0,
          null,
          0,
          null,
          0,
          0,
          0,
          null,
          null,
          null,
          0,
          null,
          null,
          1,
          0,
          0,
          null,
          0,
          0,
          0,
          0,
          0,
          0,
          0,
          0,
          0,
          0,
          0,
          0,
          null,
          null,
          0,
          null,
          null,
          1,
          0,
          0,
          null,
          0,
          0,
          null,
          0,
          0,
          0,
          0,
          0,
          0,
          0,
          0,
          0,
          null,
          0,
          null,
          0,
          null,
          null,
          1,
          0,
          0,
          0,
          0,
          null,
          null,
          0,
          null,
          null,
          null,
          null,
          null,
          1,
          0,
          null,
          null,
          0,
          0,
          null,
          0,
          null,
          0,
          0,
          0,
          0,
          null,
          null,
          1,
          0,
          0,
          null,
          null,
          0,
          null,
          0,
          0,
          null,
          0,
          null,
          null,
          1,
          0,
          null,
          0,
          null,
          null,
          null,
          null,
          null,
          null,
          null,
          null,
          0,
          null,
          null,
          1,
          0,
          null,
          0,
          null,
          null,
          null,
          null,
          null,
          null,
          null,
          null,
          null,
          null,
          null,
          null,
          null,
          null,
          null,
          null,
          null,
          null,
          1,
          0,
          0,
          0,
          0,
          0,
          0,
          0,
          0,
          null,
          0,
          0,
          0,
          0,
          0,
          null,
          null,
          null,
          0,
          0,
          0,
          0,
          0,
          null,
          null,
          null,
          null,
          null,
          0,
          0,
          0,
          0,
          0,
          0,
          0,
          0,
          0,
          0,
          0,
          null,
          null,
          null,
          1,
          0,
          null,
          null,
          1,
          0,
          null,
          0,
          0,
          null,
          null,
          0,
          0,
          0,
          0,
          0,
          0,
          null,
          0,
          0,
          0,
          0,
          null,
          0,
          null,
          null,
          1,
          0,
          0,
          0,
          null,
          null,
          0,
          0,
          0,
          null,
          null,
          null,
          null,
          0,
          0,
          0,
          null,
          null,
          null,
          1,
          0,
          0,
          0,
          0,
          null,
          0,
          0,
          null,
          0,
          null,
          0,
          0,
          0,
          null,
          null,
          1,
          0,
          0,
          0,
          null,
          0,
          0,
          null,
          0,
          0,
          null,
          null,
          1,
          0,
          0,
          0,
          0,
          null,
          0,
          0,
          0,
          null,
          null,
          1,
          0,
          null,
          0,
          null,
          0,
          0,
          0,
          0,
          null,
          0,
          null,
          null,
          null,
          1,
          0,
          null,
          0,
          0,
          null,
          null,
          0,
          null,
          null,
          null,
          null,
          null,
          null,
          null,
          null,
          null,
          0,
          0,
          null,
          null,
          0,
          null,
          null
        ],
        "branches": {
          "[:if, 0, 75, 29, 75, 89]": {
            "[:then, 1, 75, 64, 75, 84]": 0,
            "[:else, 2, 75, 87, 75, 89]": 0
          },
          "[:if, 3, 91, 6, 95, 9]": {
            "[:then, 4, 92, 8, 92, 24]": 0,
            "[:else, 5, 94, 8, 94, 21]": 0
          },
          "[:if, 6, 107, 29, 107, 89]": {
            "[:then, 7, 107, 64, 107, 84]": 0,
            "[:else, 8, 107, 87, 107, 89]": 0
          },
          "[:if, 9, 123, 4, 135, 7]": {
            "[:then, 10, 124, 6, 134, 7]": 0,
            "[:else, 11, 123, 4, 135, 7]": 0
          },
          "[:if, 12, 139, 18, 139, 106]": {
            "[:then, 13, 139, 67, 139, 101]": 0,
            "[:else, 14, 139, 104, 139, 106]": 0
          },
          "[:if, 15, 140, 31, 140, 119]": {
            "[:then, 16, 140, 80, 140, 114]": 0,
            "[:else, 17, 140, 117, 140, 119]": 0
          },
          "[:if, 18, 141, 24, 141, 132]": {
            "[:then, 19, 141, 83, 141, 127]": 0,
            "[:else, 20, 141, 130, 141, 132]": 0
          },
          "[:if, 21, 144, 4, 152, 7]": {
            "[:then, 22, 145, 6, 151, 7]": 0,
            "[:else, 23, 144, 4, 152, 7]": 0
          },
          "[:unless, 24, 153, 4, 161, 7]": {
            "[:else, 25, 153, 4, 161, 7]": 0,
            "[:then, 26, 154, 6, 160, 7]": 0
          },
          "[:unless, 27, 191, 4, 193, 7]": {
            "[:else, 28, 191, 4, 193, 7]": 0,
            "[:then, 29, 192, 6, 192, 114]": 0
          },
          "[:if, 30, 203, 4, 203, 82]": {
            "[:then, 31, 203, 4, 203, 50]": 0,
            "[:else, 32, 203, 4, 203, 82]": 0
          },
          "[:if, 33, 206, 6, 208, 9]": {
            "[:then, 34, 207, 8, 207, 87]": 0,
            "[:else, 35, 206, 6, 208, 9]": 0
          },
          "[:if, 36, 218, 29, 218, 89]": {
            "[:then, 37, 218, 64, 218, 84]": 0,
            "[:else, 38, 218, 87, 218, 89]": 0
          },
          "[:if, 39, 259, 4, 259, 53]": {
            "[:then, 40, 259, 4, 259, 29]": 0,
            "[:else, 41, 259, 4, 259, 53]": 0
          },
          "[:if, 42, 268, 17, 268, 51]": {
            "[:then, 43, 268, 35, 268, 45]": 0,
            "[:else, 44, 268, 48, 268, 51]": 0
          },
          "[:if, 45, 270, 25, 270, 113]": {
            "[:then, 46, 270, 74, 270, 108]": 0,
            "[:else, 47, 270, 111, 270, 113]": 0
          },
          "[:if, 48, 271, 27, 271, 107]": {
            "[:then, 49, 271, 72, 271, 102]": 0,
            "[:else, 50, 271, 105, 271, 107]": 0
          },
          "[:if, 51, 272, 37, 272, 137]": {
            "[:then, 52, 272, 92, 272, 132]": 0,
            "[:else, 53, 272, 135, 272, 137]": 0
          },
          "[:if, 54, 273, 24, 273, 98]": {
            "[:then, 55, 273, 66, 273, 93]": 0,
            "[:else, 56, 273, 96, 273, 98]": 0
          },
          "[:if, 57, 274, 31, 274, 119]": {
            "[:then, 58, 274, 80, 274, 114]": 0,
            "[:else, 59, 274, 117, 274, 119]": 0
          },
          "[:if, 60, 275, 26, 275, 104]": {
            "[:then, 61, 275, 70, 275, 99]": 0,
            "[:else, 62, 275, 102, 275, 104]": 0
          },
          "[:if, 63, 277, 27, 277, 107]": {
            "[:then, 64, 277, 72, 277, 102]": 0,
            "[:else, 65, 277, 105, 277, 107]": 0
          },
          "[:if, 66, 282, 16, 282, 65]": {
            "[:then, 67, 282, 39, 282, 59]": 0,
            "[:else, 68, 282, 62, 282, 65]": 0
          },
          "[:if, 69, 284, 18, 289, 12]": {
            "[:then, 70, 284, 31, 289, 7]": 0,
            "[:else, 71, 289, 10, 289, 12]": 0
          },
          "[:if, 72, 287, 20, 287, 93]": {
            "[:then, 73, 287, 43, 287, 88]": 0,
            "[:else, 74, 287, 91, 287, 93]": 0
          },
          "[:\"&.\", 75, 314, 18, 314, 35]": {
            "[:then, 76, 314, 18, 314, 35]": 0,
            "[:else, 77, 314, 18, 314, 35]": 0
          },
          "[:\"&.\", 78, 315, 22, 315, 43]": {
            "[:then, 79, 315, 22, 315, 43]": 0,
            "[:else, 80, 315, 22, 315, 43]": 0
          },
          "[:\"&.\", 81, 316, 13, 316, 25]": {
            "[:then, 82, 316, 13, 316, 25]": 0,
            "[:else, 83, 316, 13, 316, 25]": 0
          },
          "[:\"&.\", 84, 317, 20, 317, 32]": {
            "[:then, 85, 317, 20, 317, 32]": 0,
[...]
          null,
          0,
          0,
          0,
          0,
          0,
          null,
          0,
          0,
          0,
          0,
          0,
          0,
          0,
          0,
          null,
          0,
          0,
          0,
          0,
          0,
          0,
          0,
          null,
          0,
          0,
          0,
          null,
          0,
          0,
          null,
          0,
          0,
          null,
          0,
          0,
          0,
          0,
          0,
          0,
          null,
          0,
          0,
          null,
          0,
          0,
          0,
          null,
          0,
          0,
          0,
          null,
          0,
          0,
          0,
          0,
          null,
          0,
          0,
          null,
          0,
          0,
          null,
          0,
          0,
          null,
          0,
          0,
          null,
          0,
          0,
          0,
          0,
          0,
          0,
          0,
          null,
          0,
          0,
          0,
          0,
          0,
          0,
          0,
          null,
          0,
          0,
          0,
          0,
          0,
          0,
          0,
          null,
          0,
          0,
          0,
          0,
          0,
          0,
          null,
          0,
          0,
          0,
          0,
          0,
          0,
          0,
          0,
          0,
          0,
          0,
          0,
          0,
          0,
          0
        ],
        "branches": {}
      },
      "/home/pkumar/workspace/insta_dm/app/services/user_profile_builder_service.rb": {
        "lines": [
          0,
          0,
          0,
          0,
          null,
          0,
          0,
          0,
          0,
          0,
          0,
          0,
          null,
          0,
          0,
          0,
          0,
          null,
          0,
          0,
          0,
          0,
          0,
          0,
          0,
          0,
          0,
          null,
          0,
          0,
          0,
          0,
          0,
          null,
          0,
          0,
          0,
          0,
          0,
          null,
          0,
          null,
          0,
          0,
          0,
          0,
          0,
          0,
          0,
          0,
          null,
          0,
          0,
          0,
          0,
          0,
          null,
          0,
          0,
          0,
          null,
          0,
          0,
          0,
          0,
          0,
          0,
          0,
          0,
          0,
          0,
          0,
          0,
          0,
          0,
          0,
          null,
          0,
          0,
          0,
          0,
          0,
          0,
          0,
          0,
          0,
          0,
          null,
          0,
          null,
          0,
          0,
          0,
          null,
          0,
          0,
          0,
          0,
          0,
          0,
          0
        ],
        "branches": {}
      },
      "/home/pkumar/workspace/insta_dm/app/services/vector_matching_service.rb": {
        "lines": [
          0,
          0,
          null,
          0,
          0,
          0,
          null,
          0,
          0,
          0,
          null,
          0,
          0,
          0,
          0,
          0,
          0,
          0,
          0,
          0,
          0,
          0,
          0,
          0,
          0,
          0,
          0,
          0,
          0,
          null,
          0,
          0,
          0,
          0,
          0,
          0,
          0,
          null,
          0,
          0,
          0,
          0,
          0,
          0,
          0,
          0,
          0,
          0,
          0,
          0,
          0,
          null,
          0,
          0,
          0,
          0,
          0,
          0,
          0,
          0,
          null,
          0,
          0,
          0,
          null,
          0,
          0,
          0,
          0,
          0,
          0,
          0,
          0,
          0,
          0,
          0,
          0,
          0,
          0,
          0,
          0,
          null,
          0,
          null,
          0,
          0,
          0,
          0,
          0,
          null,
          0,
          0,
          0,
          0,
          0,
          0,
          0,
          null,
          0,
          0,
          null,
          0,
          0,
          null,
          0,
          0,
          0,
          null,
          0,
          0,
          0,
          null,
          0,
          0,
          0,
          0,
          null,
          0,
          0,
          0,
          null,
          0,
          0,
          0,
          0,
          0,
          0,
          0,
          0,
          null,
          0,
          0,
          0,
          0,
          0,
          0,
          0,
          0,
          null,
          0,
          0,
          0,
          0,
          0,
          0,
          null,
          0,
          0,
          0,
          0,
          0,
          0,
          0,
          null,
          0,
          0,
          0,
          0,
          0,
          null,
          0,
          0,
          0,
          0,
          null,
          0,
          0,
          0,
          0,
          0,
          0,
          null,
          0,
          0,
          null,
          0,
          0,
          null,
          0,
          0,
          0,
          null,
          0,
          0,
          null,
          0,
          0,
          null,
          0,
          0,
          0,
          0,
          0,
          0,
          null,
          0,
          0,
          0,
          null,
          0,
          0,
          0,
          null,
          0,
          0,
          0,
          null,
          0,
          0,
          0
        ],
        "branches": {}
      },
      "/home/pkumar/workspace/insta_dm/app/services/video_audio_extraction_service.rb": {
        "lines": [
          0,
          0,
          0,
          0,
          null,
          0,
          0,
          0,
          0,
          0,
          null,
          0,
          0,
          0,
          null,
          0,
          0,
          0,
          0,
          null,
          0,
          0,
          0,
          0,
          0,
          0,
          null,
          0,
          0,
          0,
          0,
          0,
          0,
          0,
          0,
          0,
          0,
          0,
          0,
          null,
          0,
          null,
          0,
          0,
          0,
          null,
          0,
          0,
          0,
          null,
          0,
          0,
          null,
          0,
          0,
          0,
          0,
          0,
          null,
          0,
          0,
          null,
          0,
          0,
          0,
          0,
          0,
          0,
          0,
          0,
          0,
          0,
          0,
          0
        ],
        "branches": {}
      },
      "/home/pkumar/workspace/insta_dm/app/services/video_frame_change_detector_service.rb": {
        "lines": [
          0,
          0,
          0,
          null,
          0,
          0,
          0,
          0,
          0,
          null,
          0,
          0,
          0,
          0,
          0,
          0,
          0,
          0,
          0,
          0,
          0,
          0,
          null,
          0,
          0,
          0,
          null,
          0,
          0,
          0,
          0,
          null,
          0,
          0,
          0,
          0,
          0,
          0,
          0,
          null,
          0,
          0,
          0,
          null,
          0,
          0,
          0,
          0,
          0,
          null,
          0,
          0,
          0,
          0,
          0,
          0,
          0,
          0,
          0,
          0,
          0,
          0,
          null,
          0,
          0,
          0,
          0,
          null,
          0,
          0,
          0,
          0,
          0,
          0,
          0,
          0,
          0,
          0,
          0,
          0,
          0,
          0,
          0,
          0,
          0,
          0,
          0,
          0,
          0,
          0,
          0,
          0,
          0,
          0,
          null,
          0,
          null,
          0,
          0,
          0,
          null,
          0,
          0,
          0,
          0,
          0,
          0,
          0,
          0,
          0,
          null,
          0,
          0,
          0,
          0,
          0,
          0,
          0,
          0,
          0,
          0,
          0,
          0,
          0,
          0,
          0,
          0,
          0,
          0,
          0,
          0,
          0,
          0,
          0,
          null,
          0,
          0,
          0,
          0,
          null,
          0,
          0,
          0,
          0,
          0,
          0,
          0,
          0,
          0,
          0,
          0,
          0,
          0,
          0,
          0,
          0,
          0,
          0,
          0,
          0,
          0,
          0,
          0,
          null,
          0,
          0,
          0,
          0,
          null,
          0,
          0,
          0,
          null,
          0,
          0,
          0,
          0,
          0,
          0,
          0,
          0,
          0,
          0,
          null,
          0,
          0,
          0,
          0,
          0,
          null,
          0,
          0,
          0,
          0,
          0,
          0,
          null,
          0,
          0,
          0,
          null,
          0,
          0,
          0,
          null,
          0,
          0,
          null,
          0,
          0,
          0,
          0,
          0,
          null,
          0,
          0,
          null,
          0,
          0,
          0,
          0,
          0,
          0,
          0,
          0,
          0,
          0,
          0,
          0,
          0
        ],
        "branches": {}
      },
      "/home/pkumar/workspace/insta_dm/app/services/video_frame_extraction_service.rb": {
        "lines": [
          0,
          0,
          0,
          0,
          null,
          0,
          0,
          0,
          null,
          0,
          0,
          0,
          0,
          0,
          0,
          null,
          0,
          0,
          0,
          null,
          0,
          0,
          0,
          0,
          null,
          0,
          0,
          0,
          0,
          0,
          0,
          null,
          0,
          0,
          0,
          0,
          0,
          0,
          0,
          0,
          null,
          0,
          0,
          0,
          0,
          0,
          0,
          0,
          0,
          0,
          0,
          0,
          0,
          0,
          null,
          0,
          null,
          0,
          0,
          0,
          null,
          0,
          0,
          0,
          null,
          0,
          0,
          null,
          0,
          0,
          0,
          0,
          0,
          null,
          0,
          0,
          null,
          0,
          0,
          0,
          0,
          0,
          0,
          0,
          0,
          0,
          0,
          0
        ],
        "branches": {}
      },
      "/home/pkumar/workspace/insta_dm/app/services/video_metadata_service.rb": {
        "lines": [
          0,
          0,
          0,
          0,
          null,
          0,
          0,
          0,
          0,
          null,
          0,
          0,
          0,
          null,
          0,
          0,
          0,
          0,
          null,
          0,
          0,
          0,
          0,
          0,
          0,
          0,
          0,
          0,
          0,
          0,
          0,
          null,
          0,
          0,
          0,
          0,
          0,
          0,
          0,
          0,
          0,
          0,
          0,
          0,
          0,
          0,
          0,
          0,
          0,
          0,
          0,
          0,
          0,
          0,
          0,
          0,
          0,
          null,
          0,
          null,
          0,
          0,
          0,
          null,
          0,
          0,
          0,
          0,
          0,
          null,
          0,
          0,
          null,
          0,
          0,
          0,
          0,
          null,
          0,
          0,
          0,
          null,
          0,
          0,
          0,
          null,
          0,
          0,
          0,
          0,
          0,
          0,
          0,
          0,
          0
        ],
        "branches": {}
      },
      "/home/pkumar/workspace/insta_dm/app/services/video_thumbnail_service.rb": {
        "lines": [
          0,
          0,
          0,
          0,
          null,
          0,
          0,
          0,
          null,
          0,
          0,
          0,
          0,
          0,
          null,
          0,
          0,
          0,
          null,
          0,
          0,
          0,
          0,
          null,
          0,
          0,
          null,
          0,
          0,
          0,
          0,
          0,
          0,
          0,
          0,
          0,
          0,
          0,
          0,
          0,
          null,
          0,
          0,
          0,
          null,
          0,
          0,
          0,
          0,
          0,
          0,
          0,
          0,
          0,
          0,
          0,
          0,
          0,
          0,
          0,
          0,
          0,
          null,
          0,
          null,
          0,
          0,
          0,
          null,
          0,
          0,
          0,
          null,
          0,
          0,
          0,
          null,
          0,
          0,
          null,
          0,
          0,
          0,
          0,
          0,
          null,
          0,
          0,
          null,
          0,
          0,
          0,
          0,
          0,
          0,
          0,
          0,
          0,
          0,
          0,
          0,
          0,
          0
        ],
        "branches": {}
      },
      "/home/pkumar/workspace/insta_dm/lib/tasks/story_debug_analyzer.rb": {
        "lines": [
          null,
          null,
          null,
          null,
          null,
          0,
          0,
          null,
          0,
          0,
          0,
          0,
          0,
          null,
          0,
          0,
          0,
          0,
          null,
          0,
          0,
          0,
          0,
          null,
          0,
          null,
          0,
          0,
          null,
          0,
          null,
          0,
          0,
          null,
          0,
          0,
          0,
          null,
          0,
          0,
          0,
          0,
          0,
          null,
          0,
          null,
          null,
          0,
          null,
          null,
          0,
          0,
          0,
          0,
          0,
          null,
          null,
          0,
          0,
          0,
          null,
          0,
          0,
          0,
          0,
          null,
          null,
          0,
          0,
          0,
          0,
          0,
          null,
          0,
          0,
          null,
          0,
          0,
          null,
          0,
          null,
          0,
          0,
          null,
          0,
          0,
          0,
          null,
          0,
          0,
          0,
          0,
          null,
          0,
          null,
          0,
          0,
          null,
          0,
          0,
          0,
          null,
          null,
          0,
          0,
          0,
          0,
          0,
          null,
          null,
          0,
          0,
          null,
          null,
          0,
          0,
          0,
          0,
          0,
          0,
          null,
          0,
          0,
          0,
          0,
          0,
          null,
          0,
          0,
          null,
          0,
          0,
          null,
          null,
          0,
          0,
          null,
          0,
          0,
          0,
          null,
          0,
          0,
          0,
          0,
          0,
          0,
          0,
          null,
          0,
          0,
          0,
          null,
          0,
          0,
          0,
          null,
          0,
          0,
          0,
          0,
          0,
          0,
          null,
          0,
          0,
          0,
          0,
          0,
          0,
          0,
          0,
          0,
          0,
          0,
          0,
          null,
          null,
          0,
          0,
          0,
          0
        ],
        "branches": {}
      },
      "/home/pkumar/workspace/insta_dm/lib/tasks/story_network_analyzer.rb": {
        "lines": [
          null,
          null,
          0,
          0,
          null,
          0,
          0,
          null,
          0,
          0,
          0,
          null,
          0,
          0,
          null,
          0,
          0,
          0,
          0,
          0,
          0,
          null,
          0,
          0,
          0,
          null,
          0,
          0,
          null,
          0,
          null,
          0,
          0,
          0,
          0,
          0,
          null,
          0,
          0,
          0,
          null,
          0,
          0,
          0,
          0,
          0,
          null,
          0,
          0,
          null,
          0,
          0,
          null,
          0,
          0,
          0,
          0,
          0,
          0,
          0,
          0,
          0,
          null,
          0,
          0,
          0,
          0,
          0,
          null,
          0,
          0,
          0,
          0,
          0,
          0,
          0,
          0,
          0,
          null,
          0,
          0,
          0,
          0,
          null,
          0,
          0,
          0,
          0,
          0,
          0,
          0,
          0,
          0,
          0,
          0,
          0,
          0,
          0,
          0,
          0,
          0,
          0,
          0,
          0,
          0,
          0,
          0,
          0,
          0,
          0,
          0,
          0,
          null,
          0,
          null,
          0,
          0,
          0,
          0,
          0,
          null,
          0,
          0,
          0,
          null,
          0,
          0,
          0,
          0,
          0,
          0,
          0,
          0,
          0,
          0,
          0,
          null,
          0,
          0,
          null,
          0,
          0,
          0,
          0,
          0,
          null,
          0,
          0,
          0,
          null,
          0,
          0,
          0,
          0,
          0,
          null,
          0,
          0,
          null,
          0,
          0,
          0,
          0,
          0,
          0,
          null,
          0,
          0,
          null,
          0,
          0,
          0,
          0,
          null,
          0,
          0,
          0,
          0
        ],
        "branches": {}
      }
    },
    "timestamp": 1771554078
  }
}
